mode: atomic
github.com/ximager/ximager/pkg/storage/s3/s3.go:48.13,50.16 2 1
github.com/ximager/ximager/pkg/storage/s3/s3.go:50.16,51.65 1 0
github.com/ximager/ximager/pkg/storage/s3/s3.go:59.55,73.16 8 0
github.com/ximager/ximager/pkg/storage/s3/s3.go:73.16,75.3 1 0
github.com/ximager/ximager/pkg/storage/s3/s3.go:76.2,81.8 1 0
github.com/ximager/ximager/pkg/storage/s3/s3.go:85.31,87.2 1 0
github.com/ximager/ximager/pkg/storage/s3/s3.go:98.33,100.2 1 0
github.com/ximager/ximager/pkg/storage/s3/s3.go:102.32,104.2 1 0
github.com/ximager/ximager/pkg/storage/s3/s3.go:106.39,108.2 1 0
github.com/ximager/ximager/pkg/storage/s3/s3.go:110.32,112.2 1 0
github.com/ximager/ximager/pkg/storage/s3/s3.go:115.82,122.16 3 0
github.com/ximager/ximager/pkg/storage/s3/s3.go:122.16,124.3 1 0
github.com/ximager/ximager/pkg/storage/s3/s3.go:126.2,127.29 2 0
github.com/ximager/ximager/pkg/storage/s3/s3.go:127.29,128.36 1 0
github.com/ximager/ximager/pkg/storage/s3/s3.go:128.36,130.4 1 0
github.com/ximager/ximager/pkg/storage/s3/s3.go:130.9,134.4 3 0
github.com/ximager/ximager/pkg/storage/s3/s3.go:136.2,136.16 1 0
github.com/ximager/ximager/pkg/storage/s3/s3.go:146.47,148.2 1 0
github.com/ximager/ximager/pkg/storage/s3/s3.go:151.85,156.16 4 0
github.com/ximager/ximager/pkg/storage/s3/s3.go:156.16,158.3 1 0
github.com/ximager/ximager/pkg/storage/s3/s3.go:160.2,160.51 1 0
github.com/ximager/ximager/pkg/storage/s3/s3.go:160.51,166.17 2 0
github.com/ximager/ximager/pkg/storage/s3/s3.go:166.17,168.4 1 0
github.com/ximager/ximager/pkg/storage/s3/s3.go:169.3,169.13 1 0
github.com/ximager/ximager/pkg/storage/s3/s3.go:172.2,176.16 2 0
github.com/ximager/ximager/pkg/storage/s3/s3.go:176.16,178.3 1 0
github.com/ximager/ximager/pkg/storage/s3/s3.go:180.2,185.32 5 0
github.com/ximager/ximager/pkg/storage/s3/s3.go:185.32,187.13 2 0
github.com/ximager/ximager/pkg/storage/s3/s3.go:187.13,191.35 4 0
github.com/ximager/ximager/pkg/storage/s3/s3.go:191.35,193.5 1 0
github.com/ximager/ximager/pkg/storage/s3/s3.go:194.4,202.18 2 0
github.com/ximager/ximager/pkg/storage/s3/s3.go:202.18,207.5 1 0
github.com/ximager/ximager/pkg/storage/s3/s3.go:208.4,209.13 2 0
github.com/ximager/ximager/pkg/storage/s3/s3.go:213.2,213.27 1 0
github.com/ximager/ximager/pkg/storage/s3/s3.go:213.27,215.17 2 0
github.com/ximager/ximager/pkg/storage/s3/s3.go:215.17,217.4 1 0
github.com/ximager/ximager/pkg/storage/s3/s3.go:220.2,226.12 2 0
github.com/ximager/ximager/pkg/storage/s3/s3.go:230.64,239.6 4 0
github.com/ximager/ximager/pkg/storage/s3/s3.go:239.6,246.44 2 0
github.com/ximager/ximager/pkg/storage/s3/s3.go:246.44,248.4 1 0
github.com/ximager/ximager/pkg/storage/s3/s3.go:250.3,250.37 1 0
github.com/ximager/ximager/pkg/storage/s3/s3.go:250.37,252.65 1 0
github.com/ximager/ximager/pkg/storage/s3/s3.go:252.65,253.13 1 0
github.com/ximager/ximager/pkg/storage/s3/s3.go:255.4,257.6 1 0
github.com/ximager/ximager/pkg/storage/s3/s3.go:261.3,261.25 1 0
github.com/ximager/ximager/pkg/storage/s3/s3.go:261.25,273.18 2 0
github.com/ximager/ximager/pkg/storage/s3/s3.go:273.18,275.5 1 0
github.com/ximager/ximager/pkg/storage/s3/s3.go:277.4,277.28 1 0
github.com/ximager/ximager/pkg/storage/s3/s3.go:277.28,281.37 2 0
github.com/ximager/ximager/pkg/storage/s3/s3.go:281.37,283.6 1 0
github.com/ximager/ximager/pkg/storage/s3/s3.go:284.5,284.63 1 0
github.com/ximager/ximager/pkg/storage/s3/s3.go:289.3,296.52 3 0
github.com/ximager/ximager/pkg/storage/s3/s3.go:296.52,297.9 1 0
github.com/ximager/ximager/pkg/storage/s3/s3.go:301.2,301.12 1 0
github.com/ximager/ximager/pkg/storage/s3/s3.go:305.95,311.16 2 0
github.com/ximager/ximager/pkg/storage/s3/s3.go:311.16,313.3 1 0
github.com/ximager/ximager/pkg/storage/s3/s3.go:314.2,314.23 1 0
github.com/ximager/ximager/pkg/storage/s3/s3.go:318.82,323.16 2 0
github.com/ximager/ximager/pkg/storage/s3/s3.go:323.16,325.3 1 0
github.com/ximager/ximager/pkg/storage/s3/s3.go:326.2,326.44 1 0
github.com/ximager/ximager/pkg/storage/s3/s3.go:330.122,336.16 2 0
github.com/ximager/ximager/pkg/storage/s3/s3.go:336.16,338.3 1 0
github.com/ximager/ximager/pkg/storage/s3/s3.go:339.2,346.16 2 0
github.com/ximager/ximager/pkg/storage/s3/s3.go:346.16,348.3 1 0
github.com/ximager/ximager/pkg/storage/s3/s3.go:349.2,349.55 1 0
github.com/ximager/ximager/pkg/storage/s3/s3.go:353.96,355.29 2 0
github.com/ximager/ximager/pkg/storage/s3/s3.go:355.29,360.3 1 0
github.com/ximager/ximager/pkg/storage/s3/s3.go:361.2,367.12 2 0
github.com/ximager/ximager/pkg/storage/s3/s3.go:371.86,378.2 2 0
github.com/ximager/ximager/pkg/storage/s3/s3.go:381.80,387.16 2 0
github.com/ximager/ximager/pkg/storage/s3/s3.go:387.16,389.3 1 0
github.com/ximager/ximager/pkg/storage/s3/s3.go:390.2,390.12 1 0
github.com/ximager/ximager/pkg/handlers/tag/tag.go:34.21,36.2 1 1
github.com/ximager/ximager/pkg/handlers/tag/tag_delete.go:29.52,34.16 4 1
github.com/ximager/ximager/pkg/handlers/tag/tag_delete.go:34.16,37.3 2 0
github.com/ximager/ximager/pkg/handlers/tag/tag_delete.go:38.2,39.16 2 1
github.com/ximager/ximager/pkg/handlers/tag/tag_delete.go:39.16,42.3 2 0
github.com/ximager/ximager/pkg/handlers/tag/tag_delete.go:43.2,47.16 4 1
github.com/ximager/ximager/pkg/handlers/tag/tag_delete.go:47.16,50.3 2 0
github.com/ximager/ximager/pkg/handlers/tag/tag_delete.go:52.2,52.42 1 1
github.com/ximager/ximager/pkg/handlers/tag/tag_get.go:28.49,33.16 4 0
github.com/ximager/ximager/pkg/handlers/tag/tag_get.go:33.16,36.3 2 0
github.com/ximager/ximager/pkg/handlers/tag/tag_get.go:37.2,38.16 2 0
github.com/ximager/ximager/pkg/handlers/tag/tag_get.go:38.16,41.3 2 0
github.com/ximager/ximager/pkg/handlers/tag/tag_get.go:43.2,45.16 3 0
github.com/ximager/ximager/pkg/handlers/tag/tag_get.go:45.16,48.3 2 0
github.com/ximager/ximager/pkg/handlers/tag/tag_get.go:50.2,55.4 1 0
github.com/ximager/ximager/pkg/handlers/tag/tag_list.go:30.50,35.16 4 0
github.com/ximager/ximager/pkg/handlers/tag/tag_list.go:35.16,38.3 2 0
github.com/ximager/ximager/pkg/handlers/tag/tag_list.go:39.2,40.16 2 0
github.com/ximager/ximager/pkg/handlers/tag/tag_list.go:40.16,43.3 2 0
github.com/ximager/ximager/pkg/handlers/tag/tag_list.go:45.2,47.16 3 0
github.com/ximager/ximager/pkg/handlers/tag/tag_list.go:47.16,50.3 2 0
github.com/ximager/ximager/pkg/handlers/tag/tag_list.go:52.2,53.27 2 0
github.com/ximager/ximager/pkg/handlers/tag/tag_list.go:53.27,60.3 1 0
github.com/ximager/ximager/pkg/handlers/tag/tag_list.go:61.2,62.16 2 0
github.com/ximager/ximager/pkg/handlers/tag/tag_list.go:62.16,65.3 2 0
github.com/ximager/ximager/pkg/handlers/tag/tag_list.go:67.2,67.75 1 0
github.com/ximager/ximager/pkg/utils/hash/hash.go:33.35,35.14 2 10
github.com/ximager/ximager/pkg/utils/hash/hash.go:35.14,37.3 1 2
github.com/ximager/ximager/pkg/utils/hash/hash.go:38.2,38.19 1 8
github.com/ximager/ximager/pkg/utils/hash/hash.go:41.46,42.22 1 14
github.com/ximager/ximager/pkg/utils/hash/hash.go:42.22,43.37 1 14
github.com/ximager/ximager/pkg/utils/hash/hash.go:44.14,45.20 1 5
github.com/ximager/ximager/pkg/utils/hash/hash.go:46.15,47.21 1 3
github.com/ximager/ximager/pkg/utils/hash/hash.go:48.17,49.23 1 3
github.com/ximager/ximager/pkg/utils/hash/hash.go:50.17,51.23 1 3
github.com/ximager/ximager/pkg/utils/hash/hash.go:52.11,53.23 1 0
github.com/ximager/ximager/pkg/utils/hash/hash.go:56.2,56.21 1 0
github.com/ximager/ximager/pkg/utils/hash/hash.go:60.79,61.19 1 5
github.com/ximager/ximager/pkg/utils/hash/hash.go:61.19,64.3 2 1
github.com/ximager/ximager/pkg/utils/hash/hash.go:66.2,67.46 2 4
github.com/ximager/ximager/pkg/utils/hash/hash.go:67.46,69.3 1 0
github.com/ximager/ximager/pkg/utils/hash/hash.go:70.2,73.6 4 4
github.com/ximager/ximager/pkg/utils/hash/hash.go:73.6,75.13 2 8
github.com/ximager/ximager/pkg/utils/hash/hash.go:75.13,76.46 1 4
github.com/ximager/ximager/pkg/utils/hash/hash.go:76.46,78.5 1 0
github.com/ximager/ximager/pkg/utils/hash/hash.go:80.3,80.20 1 8
github.com/ximager/ximager/pkg/utils/hash/hash.go:80.20,82.9 2 4
github.com/ximager/ximager/pkg/utils/hash/hash.go:84.3,84.17 1 4
github.com/ximager/ximager/pkg/utils/hash/hash.go:84.17,86.4 1 0
github.com/ximager/ximager/pkg/utils/hash/hash.go:88.2,89.8 2 4
github.com/ximager/ximager/pkg/utils/hash/hash.go:93.68,95.47 2 4
github.com/ximager/ximager/pkg/utils/hash/hash.go:95.47,97.3 1 0
github.com/ximager/ximager/pkg/utils/hash/hash.go:98.2,99.8 2 4
github.com/ximager/ximager/pkg/utils/hash/hash.go:103.67,104.19 1 5
github.com/ximager/ximager/pkg/utils/hash/hash.go:104.19,107.3 2 1
github.com/ximager/ximager/pkg/utils/hash/hash.go:108.2,109.46 2 4
github.com/ximager/ximager/pkg/utils/hash/hash.go:109.46,111.3 1 0
github.com/ximager/ximager/pkg/utils/hash/hash.go:112.2,115.6 4 4
github.com/ximager/ximager/pkg/utils/hash/hash.go:115.6,117.13 2 8
github.com/ximager/ximager/pkg/utils/hash/hash.go:117.13,118.46 1 4
github.com/ximager/ximager/pkg/utils/hash/hash.go:118.46,120.5 1 0
github.com/ximager/ximager/pkg/utils/hash/hash.go:122.3,122.20 1 8
github.com/ximager/ximager/pkg/utils/hash/hash.go:122.20,124.9 2 4
github.com/ximager/ximager/pkg/utils/hash/hash.go:126.3,126.17 1 4
github.com/ximager/ximager/pkg/utils/hash/hash.go:126.17,128.4 1 0
github.com/ximager/ximager/pkg/utils/hash/hash.go:130.2,131.8 2 4
github.com/ximager/ximager/pkg/utils/hash/hash.go:139.74,143.6 4 2
github.com/ximager/ximager/pkg/utils/hash/hash.go:143.6,145.13 2 4
github.com/ximager/ximager/pkg/utils/hash/hash.go:145.13,146.46 1 2
github.com/ximager/ximager/pkg/utils/hash/hash.go:146.46,148.5 1 0
github.com/ximager/ximager/pkg/utils/hash/hash.go:150.3,150.20 1 4
github.com/ximager/ximager/pkg/utils/hash/hash.go:150.20,152.9 2 2
github.com/ximager/ximager/pkg/utils/hash/hash.go:154.3,154.17 1 2
github.com/ximager/ximager/pkg/utils/hash/hash.go:154.17,156.4 1 0
github.com/ximager/ximager/pkg/utils/hash/hash.go:158.2,159.8 2 2
github.com/ximager/ximager/pkg/utils/imagerefs/reference.go:26.65,27.34 1 7
github.com/ximager/ximager/pkg/utils/imagerefs/reference.go:27.34,29.3 1 1
github.com/ximager/ximager/pkg/utils/imagerefs/reference.go:31.2,32.16 2 6
github.com/ximager/ximager/pkg/utils/imagerefs/reference.go:32.16,34.3 1 1
github.com/ximager/ximager/pkg/utils/imagerefs/reference.go:35.2,39.9 5 5
github.com/ximager/ximager/pkg/utils/imagerefs/reference.go:39.9,41.3 1 0
github.com/ximager/ximager/pkg/utils/imagerefs/reference.go:42.2,43.34 2 5
github.com/ximager/ximager/pkg/utils/imagerefs/reference.go:43.34,45.3 1 0
github.com/ximager/ximager/pkg/utils/imagerefs/reference.go:46.2,49.35 4 5
github.com/ximager/ximager/pkg/utils/ptr/ptr.go:19.24,21.2 1 3
github.com/ximager/ximager/pkg/utils/ptr/ptr.go:24.24,26.14 2 2
github.com/ximager/ximager/pkg/utils/ptr/ptr.go:26.14,28.3 1 1
github.com/ximager/ximager/pkg/utils/ptr/ptr.go:29.2,29.11 1 1
github.com/ximager/ximager/pkg/utils/ptr/ptr.go:33.34,34.14 1 2
github.com/ximager/ximager/pkg/utils/ptr/ptr.go:34.14,36.3 1 1
github.com/ximager/ximager/pkg/utils/ptr/ptr.go:37.2,37.11 1 1
github.com/ximager/ximager/pkg/validators/validators.go:40.58,41.47 1 0
github.com/ximager/ximager/pkg/validators/validators.go:41.47,44.3 1 0
github.com/ximager/ximager/pkg/validators/validators.go:45.2,45.12 1 0
github.com/ximager/ximager/pkg/validators/validators.go:48.31,53.2 4 0
github.com/ximager/ximager/pkg/validators/validators.go:56.38,61.2 4 4
github.com/ximager/ximager/pkg/validators/validators.go:64.58,67.2 2 4
github.com/ximager/ximager/pkg/validators/validators.go:70.54,74.2 3 3
github.com/ximager/ximager/pkg/validators/validators.go:77.57,80.2 2 4
github.com/ximager/ximager/pkg/validators/validators.go:83.51,85.2 1 1
github.com/ximager/ximager/pkg/utils/token/token.go:45.34,47.2 1 0
github.com/ximager/ximager/pkg/utils/token/token.go:67.86,69.16 2 1
github.com/ximager/ximager/pkg/utils/token/token.go:69.16,71.3 1 0
github.com/ximager/ximager/pkg/utils/token/token.go:72.2,73.16 2 1
github.com/ximager/ximager/pkg/utils/token/token.go:73.16,75.3 1 0
github.com/ximager/ximager/pkg/utils/token/token.go:76.2,77.16 2 1
github.com/ximager/ximager/pkg/utils/token/token.go:77.16,79.3 1 0
github.com/ximager/ximager/pkg/utils/token/token.go:80.2,81.16 2 1
github.com/ximager/ximager/pkg/utils/token/token.go:81.16,83.3 1 0
github.com/ximager/ximager/pkg/utils/token/token.go:84.2,85.16 2 1
github.com/ximager/ximager/pkg/utils/token/token.go:85.16,87.3 1 0
github.com/ximager/ximager/pkg/utils/token/token.go:88.2,94.8 2 1
github.com/ximager/ximager/pkg/utils/token/token.go:98.61,111.16 4 1
github.com/ximager/ximager/pkg/utils/token/token.go:111.16,113.3 1 0
github.com/ximager/ximager/pkg/utils/token/token.go:114.2,114.19 1 1
github.com/ximager/ximager/pkg/utils/token/token.go:118.92,119.80 1 2
github.com/ximager/ximager/pkg/utils/token/token.go:119.80,121.3 1 2
github.com/ximager/ximager/pkg/utils/token/token.go:122.2,122.16 1 2
github.com/ximager/ximager/pkg/utils/token/token.go:122.16,124.3 1 0
github.com/ximager/ximager/pkg/utils/token/token.go:125.2,126.28 2 2
github.com/ximager/ximager/pkg/utils/token/token.go:126.28,128.3 1 0
github.com/ximager/ximager/pkg/utils/token/token.go:129.2,130.9 2 2
github.com/ximager/ximager/pkg/utils/token/token.go:130.9,132.3 1 0
github.com/ximager/ximager/pkg/utils/token/token.go:133.2,134.9 2 2
github.com/ximager/ximager/pkg/utils/token/token.go:134.9,136.3 1 0
github.com/ximager/ximager/pkg/utils/token/token.go:138.2,139.36 2 2
github.com/ximager/ximager/pkg/utils/token/token.go:139.36,141.3 1 0
github.com/ximager/ximager/pkg/utils/token/token.go:142.2,142.22 1 2
github.com/ximager/ximager/pkg/utils/token/token.go:142.22,144.3 1 1
github.com/ximager/ximager/pkg/utils/token/token.go:146.2,146.24 1 1
github.com/ximager/ximager/pkg/utils/token/token.go:150.69,152.16 2 1
github.com/ximager/ximager/pkg/utils/token/token.go:152.16,154.3 1 0
github.com/ximager/ximager/pkg/utils/token/token.go:155.2,155.12 1 1
github.com/ximager/ximager/pkg/utils/timewheel/timewheel.go:49.58,57.25 2 2
github.com/ximager/ximager/pkg/utils/timewheel/timewheel.go:57.25,59.3 1 1
github.com/ximager/ximager/pkg/utils/timewheel/timewheel.go:59.8,61.3 1 1
github.com/ximager/ximager/pkg/utils/timewheel/timewheel.go:62.2,63.10 2 2
github.com/ximager/ximager/pkg/utils/timewheel/timewheel.go:67.31,68.12 1 2
github.com/ximager/ximager/pkg/utils/timewheel/timewheel.go:68.12,71.7 2 2
github.com/ximager/ximager/pkg/utils/timewheel/timewheel.go:71.7,72.11 1 5
github.com/ximager/ximager/pkg/utils/timewheel/timewheel.go:73.20,74.37 1 1
github.com/ximager/ximager/pkg/utils/timewheel/timewheel.go:74.37,76.6 1 1
github.com/ximager/ximager/pkg/utils/timewheel/timewheel.go:77.18,78.37 1 2
github.com/ximager/ximager/pkg/utils/timewheel/timewheel.go:78.37,80.6 1 2
github.com/ximager/ximager/pkg/utils/timewheel/timewheel.go:81.18,83.11 2 2
github.com/ximager/ximager/pkg/utils/timewheel/timewheel.go:90.49,91.12 1 2
github.com/ximager/ximager/pkg/utils/timewheel/timewheel.go:91.12,94.3 2 2
github.com/ximager/ximager/pkg/utils/timewheel/timewheel.go:98.28,101.2 2 2
github.com/ximager/ximager/pkg/utils/timewheel/timewheel.go:104.46,106.2 1 2
github.com/ximager/ximager/pkg/utils/leader/redis/redis.go:39.13,41.16 2 1
github.com/ximager/ximager/pkg/utils/leader/redis/redis.go:41.16,42.65 1 0
github.com/ximager/ximager/pkg/utils/leader/redis/redis.go:55.94,57.16 2 3
github.com/ximager/ximager/pkg/utils/leader/redis/redis.go:57.16,59.3 1 0
github.com/ximager/ximager/pkg/utils/leader/redis/redis.go:60.2,64.12 3 3
github.com/ximager/ximager/pkg/utils/leader/redis/redis.go:64.12,71.2 5 3
github.com/ximager/ximager/pkg/utils/leader/redis/redis.go:73.3,77.7 3 3
github.com/ximager/ximager/pkg/utils/leader/redis/redis.go:77.7,78.11 1 4
github.com/ximager/ximager/pkg/utils/leader/redis/redis.go:79.22,80.11 1 0
github.com/ximager/ximager/pkg/utils/leader/redis/redis.go:81.26,83.19 2 4
github.com/ximager/ximager/pkg/utils/leader/redis/redis.go:83.19,85.14 2 0
github.com/ximager/ximager/pkg/utils/leader/redis/redis.go:87.5,87.11 1 4
github.com/ximager/ximager/pkg/utils/leader/redis/redis.go:87.11,90.6 2 3
github.com/ximager/ximager/pkg/utils/leader/redis/redis.go:91.5,91.69 1 4
github.com/ximager/ximager/pkg/utils/leader/redis/redis.go:93.4,93.18 1 4
github.com/ximager/ximager/pkg/utils/leader/redis/redis.go:93.18,94.10 1 3
github.com/ximager/ximager/pkg/utils/leader/redis/redis.go:97.3,97.7 1 3
github.com/ximager/ximager/pkg/utils/leader/redis/redis.go:97.7,98.11 1 8
github.com/ximager/ximager/pkg/utils/leader/redis/redis.go:99.22,100.20 1 2
github.com/ximager/ximager/pkg/utils/leader/redis/redis.go:100.20,102.6 1 0
github.com/ximager/ximager/pkg/utils/leader/redis/redis.go:103.5,104.25 2 2
github.com/ximager/ximager/pkg/utils/leader/redis/redis.go:104.25,107.6 2 0
github.com/ximager/ximager/pkg/utils/leader/redis/redis.go:107.11,107.26 1 2
github.com/ximager/ximager/pkg/utils/leader/redis/redis.go:107.26,110.6 2 0
github.com/ximager/ximager/pkg/utils/leader/redis/redis.go:111.5,111.44 1 2
github.com/ximager/ximager/pkg/utils/leader/redis/redis.go:111.44,114.6 2 0
github.com/ximager/ximager/pkg/utils/leader/redis/redis.go:115.5,116.11 2 2
github.com/ximager/ximager/pkg/utils/leader/redis/redis.go:117.25,120.25 2 5
github.com/ximager/ximager/pkg/utils/leader/redis/redis.go:120.25,122.16 2 0
github.com/ximager/ximager/pkg/utils/leader/redis/redis.go:124.5,124.19 1 5
github.com/ximager/ximager/pkg/utils/leader/redis/redis.go:124.19,126.14 2 1
github.com/ximager/ximager/pkg/utils/leader/redis/redis.go:128.5,128.44 1 4
github.com/ximager/ximager/pkg/utils/leader/redis/redis.go:128.44,130.16 2 0
github.com/ximager/ximager/pkg/utils/leader/redis/redis.go:132.5,132.70 1 4
github.com/ximager/ximager/pkg/utils/leader/redis/redis.go:137.2,137.15 1 3
github.com/ximager/ximager/pkg/utils/leader/redis/redis.go:141.45,143.2 1 1
github.com/ximager/ximager/pkg/utils/counter/counter.go:31.39,35.2 1 4
github.com/ximager/ximager/pkg/utils/counter/counter.go:38.49,42.12 2 67205
github.com/ximager/ximager/pkg/utils/counter/counter.go:42.12,44.3 1 67205
github.com/ximager/ximager/pkg/utils/counter/counter.go:46.2,46.15 1 67205
github.com/ximager/ximager/pkg/utils/counter/counter.go:50.34,52.2 1 851
github.com/ximager/ximager/pkg/utils/counter/counter.go:56.62,57.12 1 4
github.com/ximager/ximager/pkg/utils/counter/counter.go:57.12,58.16 1 4
github.com/ximager/ximager/pkg/utils/counter/counter.go:58.16,60.18 2 1
github.com/ximager/ximager/pkg/utils/counter/counter.go:60.18,62.5 1 1
github.com/ximager/ximager/pkg/utils/counter/counter.go:64.3,64.22 1 4
github.com/ximager/ximager/pkg/utils/counter/counter.go:64.22,66.4 1 850
